# JRE version: Java(TM) SE Runtime Environment (8.0_101-b13) (build 1.8.0_101-b13)
# Java VM: Java HotSpot(TM) 64-Bit Server VM (25.101-b13 mixed mode windows-amd64 compressed oops)
Heap:
 PSYoungGen      total 160768K, used 27882K [0x00000000eb500000, 0x00000000f5d00000, 0x0000000100000000)
  eden space 155648K, 17% used [0x00000000eb500000,0x00000000ed03ab98,0x00000000f4d00000)
  from space 5120K, 0% used [0x00000000f5800000,0x00000000f5800000,0x00000000f5d00000)
  to   space 7680K, 0% used [0x00000000f4e00000,0x00000000f4e00000,0x00000000f5580000)
 ParOldGen       total 58368K, used 21863K [0x00000000c1e00000, 0x00000000c5700000, 0x00000000eb500000)
  object space 58368K, 37% used [0x00000000c1e00000,0x00000000c3359d90,0x00000000c5700000)
 Metaspace       used 38980K, capacity 39320K, committed 39680K, reserved 1083392K
  class space    used 4983K, capacity 5067K, committed 5120K, reserved 1048576K
GC Heap History (10 events):
Event: 13.302 GC heap before
{Heap before GC invocations=12 (full 1):
 PSYoungGen      total 87552K, used 87524K [0x00000000eb500000, 0x00000000f1b00000, 0x0000000100000000)
  eden space 80384K, 100% used [0x00000000eb500000,0x00000000f0380000,0x00000000f0380000)
  from space 7168K, 99% used [0x00000000f0c00000,0x00000000f12f90c0,0x00000000f1300000)
  to   space 8704K, 0% used [0x00000000f0380000,0x00000000f0380000,0x00000000f0c00000)
 ParOldGen       total 34816K, used 11405K [0x00000000c1e00000, 0x00000000c4000000, 0x00000000eb500000)
  object space 34816K, 32% used [0x00000000c1e00000,0x00000000c29234d0,0x00000000c4000000)
 Metaspace       used 24417K, capacity 24762K, committed 24960K, reserved 1071104K
  class space    used 3061K, capacity 3158K, committed 3200K, reserved 1048576K
Event: 13.318 GC heap after
Heap after GC invocations=12 (full 1):
 PSYoungGen      total 89088K, used 4891K [0x00000000eb500000, 0x00000000f3600000, 0x0000000100000000)
  eden space 80384K, 0% used [0x00000000eb500000,0x00000000eb500000,0x00000000f0380000)
  from space 8704K, 56% used [0x00000000f0380000,0x00000000f0846df0,0x00000000f0c00000)
  to   space 8192K, 0% used [0x00000000f2e00000,0x00000000f2e00000,0x00000000f3600000)
 ParOldGen       total 34816K, used 12731K [0x00000000c1e00000, 0x00000000c4000000, 0x00000000eb500000)
  object space 34816K, 36% used [0x00000000c1e00000,0x00000000c2a6eff8,0x00000000c4000000)
 Metaspace       used 24417K, capacity 24762K, committed 24960K, reserved 1071104K
  class space    used 3061K, capacity 3158K, committed 3200K, reserved 1048576K
}
Event: 15.438 GC heap before
{Heap before GC invocations=13 (full 1):
 PSYoungGen      total 89088K, used 85275K [0x00000000eb500000, 0x00000000f3600000, 0x0000000100000000)
  eden space 80384K, 100% used [0x00000000eb500000,0x00000000f0380000,0x00000000f0380000)
  from space 8704K, 56% used [0x00000000f0380000,0x00000000f0846df0,0x00000000f0c00000)
  to   space 8192K, 0% used [0x00000000f2e00000,0x00000000f2e00000,0x00000000f3600000)
 ParOldGen       total 34816K, used 12731K [0x00000000c1e00000, 0x00000000c4000000, 0x00000000eb500000)
  object space 34816K, 36% used [0x00000000c1e00000,0x00000000c2a6eff8,0x00000000c4000000)
 Metaspace       used 28218K, capacity 28514K, committed 28800K, reserved 1075200K
  class space    used 3570K, capacity 3650K, committed 3712K, reserved 1048576K
Event: 15.451 GC heap after
Heap after GC invocations=13 (full 1):
 PSYoungGen      total 120832K, used 5774K [0x00000000eb500000, 0x00000000f3480000, 0x0000000100000000)
  eden space 114176K, 0% used [0x00000000eb500000,0x00000000eb500000,0x00000000f2480000)
  from space 6656K, 86% used [0x00000000f2e00000,0x00000000f33a3b58,0x00000000f3480000)
  to   space 8192K, 0% used [0x00000000f2480000,0x00000000f2480000,0x00000000f2c80000)
 ParOldGen       total 34816K, used 13959K [0x00000000c1e00000, 0x00000000c4000000, 0x00000000eb500000)
  object space 34816K, 40% used [0x00000000c1e00000,0x00000000c2ba1cf8,0x00000000c4000000)
 Metaspace       used 28218K, capacity 28514K, committed 28800K, reserved 1075200K
  class space    used 3570K, capacity 3650K, committed 3712K, reserved 1048576K
}
Event: 17.983 GC heap before
{Heap before GC invocations=14 (full 1):
 PSYoungGen      total 120832K, used 119950K [0x00000000eb500000, 0x00000000f3480000, 0x0000000100000000)
  eden space 114176K, 100% used [0x00000000eb500000,0x00000000f2480000,0x00000000f2480000)
  from space 6656K, 86% used [0x00000000f2e00000,0x00000000f33a3b58,0x00000000f3480000)
  to   space 8192K, 0% used [0x00000000f2480000,0x00000000f2480000,0x00000000f2c80000)
 ParOldGen       total 34816K, used 13959K [0x00000000c1e00000, 0x00000000c4000000, 0x00000000eb500000)
  object space 34816K, 40% used [0x00000000c1e00000,0x00000000c2ba1cf8,0x00000000c4000000)
 Metaspace       used 30926K, capacity 31220K, committed 31488K, reserved 1077248K
  class space    used 3887K, capacity 3973K, committed 4096K, reserved 1048576K
Event: 17.994 GC heap after
Heap after GC invocations=14 (full 1):
 PSYoungGen      total 122368K, used 4858K [0x00000000eb500000, 0x00000000f5f80000, 0x0000000100000000)
  eden space 114176K, 0% used [0x00000000eb500000,0x00000000eb500000,0x00000000f2480000)
  from space 8192K, 59% used [0x00000000f2480000,0x00000000f293e8a8,0x00000000f2c80000)
  to   space 7680K, 0% used [0x00000000f5800000,0x00000000f5800000,0x00000000f5f80000)
 ParOldGen       total 34816K, used 16803K [0x00000000c1e00000, 0x00000000c4000000, 0x00000000eb500000)
  object space 34816K, 48% used [0x00000000c1e00000,0x00000000c2e68d18,0x00000000c4000000)
 Metaspace       used 30926K, capacity 31220K, committed 31488K, reserved 1077248K
  class space    used 3887K, capacity 3973K, committed 4096K, reserved 1048576K
}
Event: 33.793 GC heap before
{Heap before GC invocations=15 (full 1):
 PSYoungGen      total 122368K, used 68642K [0x00000000eb500000, 0x00000000f5f80000, 0x0000000100000000)
  eden space 114176K, 55% used [0x00000000eb500000,0x00000000ef34a1f0,0x00000000f2480000)
  from space 8192K, 59% used [0x00000000f2480000,0x00000000f293e8a8,0x00000000f2c80000)
  to   space 7680K, 0% used [0x00000000f5800000,0x00000000f5800000,0x00000000f5f80000)
 ParOldGen       total 34816K, used 16803K [0x00000000c1e00000, 0x00000000c4000000, 0x00000000eb500000)
  object space 34816K, 48% used [0x00000000c1e00000,0x00000000c2e68d18,0x00000000c4000000)
 Metaspace       used 34913K, capacity 35232K, committed 35496K, reserved 1081344K
  class space    used 4506K, capacity 4583K, committed 4608K, reserved 1048576K
Event: 33.816 GC heap after
Heap after GC invocations=15 (full 1):
 PSYoungGen      total 160768K, used 5080K [0x00000000eb500000, 0x00000000f5d00000, 0x0000000100000000)
  eden space 155648K, 0% used [0x00000000eb500000,0x00000000eb500000,0x00000000f4d00000)
  from space 5120K, 99% used [0x00000000f5800000,0x00000000f5cf6330,0x00000000f5d00000)
  to   space 7680K, 0% used [0x00000000f4e00000,0x00000000f4e00000,0x00000000f5580000)
 ParOldGen       total 34816K, used 19159K [0x00000000c1e00000, 0x00000000c4000000, 0x00000000eb500000)
  object space 34816K, 55% used [0x00000000c1e00000,0x00000000c30b5cc8,0x00000000c4000000)
 Metaspace       used 34913K, capacity 35232K, committed 35496K, reserved 1081344K
  class space    used 4506K, capacity 4583K, committed 4608K, reserved 1048576K
}
Event: 33.816 GC heap before
{Heap before GC invocations=16 (full 2):
 PSYoungGen      total 160768K, used 5080K [0x00000000eb500000, 0x00000000f5d00000, 0x0000000100000000)
  eden space 155648K, 0% used [0x00000000eb500000,0x00000000eb500000,0x00000000f4d00000)
  from space 5120K, 99% used [0x00000000f5800000,0x00000000f5cf6330,0x00000000f5d00000)
  to   space 7680K, 0% used [0x00000000f4e00000,0x00000000f4e00000,0x00000000f5580000)
 ParOldGen       total 34816K, used 19159K [0x00000000c1e00000, 0x00000000c4000000, 0x00000000eb500000)
  object space 34816K, 55% used [0x00000000c1e00000,0x00000000c30b5cc8,0x00000000c4000000)
 Metaspace       used 34913K, capacity 35232K, committed 35496K, reserved 1081344K
  class space    used 4506K, capacity 4583K, committed 4608K, reserved 1048576K
Event: 34.118 GC heap after
Heap after GC invocations=16 (full 2):
 PSYoungGen      total 160768K, used 0K [0x00000000eb500000, 0x00000000f5d00000, 0x0000000100000000)
  eden space 155648K, 0% used [0x00000000eb500000,0x00000000eb500000,0x00000000f4d00000)
  from space 5120K, 0% used [0x00000000f5800000,0x00000000f5800000,0x00000000f5d00000)
  to   space 7680K, 0% used [0x00000000f4e00000,0x00000000f4e00000,0x00000000f5580000)
 ParOldGen       total 58368K, used 21863K [0x00000000c1e00000, 0x00000000c5700000, 0x00000000eb500000)
  object space 58368K, 37% used [0x00000000c1e00000,0x00000000c3359d90,0x00000000c5700000)
 Metaspace       used 34913K, capacity 35232K, committed 35496K, reserved 1081344K
  class space    used 4506K, capacity 4583K, committed 4608K, reserved 1048576K
}

