# JRE version: Java(TM) SE Runtime Environment (8.0_121-b13) (build 1.8.0_121-b13)
# Java VM: Java HotSpot(TM) 64-Bit Server VM (25.121-b13 mixed mode windows-amd64 compressed oops)
Heap:
 PSYoungGen      total 329216K, used 102927K [0x00000000eaf80000, 0x00000000ffe80000, 0x0000000100000000)
  eden space 316416K, 32% used [0x00000000eaf80000,0x00000000f13ebef0,0x00000000fe480000)
  from space 12800K, 0% used [0x00000000ff200000,0x00000000ff218000,0x00000000ffe80000)
  to   space 13312K, 0% used [0x00000000fe480000,0x00000000fe480000,0x00000000ff180000)
 ParOldGen       total 83968K, used 40649K [0x00000000c0e00000, 0x00000000c6000000, 0x00000000eaf80000)
  object space 83968K, 48% used [0x00000000c0e00000,0x00000000c35b2708,0x00000000c6000000)
 Metaspace       used 60254K, capacity 61226K, committed 61400K, reserved 1103872K
  class space    used 7479K, capacity 7679K, committed 7680K, reserved 1048576K
GC Heap History (10 events):
Event: 288.689 GC heap before
{Heap before GC invocations=25 (full 3):
 PSYoungGen      total 326656K, used 309888K [0x00000000eaf80000, 0x00000000fff00000, 0x0000000100000000)
  eden space 309760K, 100% used [0x00000000eaf80000,0x00000000fde00000,0x00000000fde00000)
  from space 16896K, 0% used [0x00000000fde00000,0x00000000fde20000,0x00000000fee80000)
  to   space 16384K, 0% used [0x00000000fef00000,0x00000000fef00000,0x00000000fff00000)
 ParOldGen       total 83968K, used 40649K [0x00000000c0e00000, 0x00000000c6000000, 0x00000000eaf80000)
  object space 83968K, 48% used [0x00000000c0e00000,0x00000000c35b2708,0x00000000c6000000)
 Metaspace       used 59791K, capacity 60688K, committed 60888K, reserved 1101824K
  class space    used 7412K, capacity 7596K, committed 7680K, reserved 1048576K
Event: 288.696 GC heap after
Heap after GC invocations=25 (full 3):
 PSYoungGen      total 327168K, used 192K [0x00000000eaf80000, 0x00000000ffe80000, 0x0000000100000000)
  eden space 311296K, 0% used [0x00000000eaf80000,0x00000000eaf80000,0x00000000fdf80000)
  from space 15872K, 1% used [0x00000000fef00000,0x00000000fef30000,0x00000000ffe80000)
  to   space 15872K, 0% used [0x00000000fdf80000,0x00000000fdf80000,0x00000000fef00000)
 ParOldGen       total 83968K, used 40649K [0x00000000c0e00000, 0x00000000c6000000, 0x00000000eaf80000)
  object space 83968K, 48% used [0x00000000c0e00000,0x00000000c35b2708,0x00000000c6000000)
 Metaspace       used 59791K, capacity 60688K, committed 60888K, reserved 1101824K
  class space    used 7412K, capacity 7596K, committed 7680K, reserved 1048576K
}
Event: 290.985 GC heap before
{Heap before GC invocations=26 (full 3):
 PSYoungGen      total 327168K, used 311488K [0x00000000eaf80000, 0x00000000ffe80000, 0x0000000100000000)
  eden space 311296K, 100% used [0x00000000eaf80000,0x00000000fdf80000,0x00000000fdf80000)
  from space 15872K, 1% used [0x00000000fef00000,0x00000000fef30000,0x00000000ffe80000)
  to   space 15872K, 0% used [0x00000000fdf80000,0x00000000fdf80000,0x00000000fef00000)
 ParOldGen       total 83968K, used 40649K [0x00000000c0e00000, 0x00000000c6000000, 0x00000000eaf80000)
  object space 83968K, 48% used [0x00000000c0e00000,0x00000000c35b2708,0x00000000c6000000)
 Metaspace       used 59791K, capacity 60688K, committed 60888K, reserved 1101824K
  class space    used 7412K, capacity 7596K, committed 7680K, reserved 1048576K
Event: 290.988 GC heap after
Heap after GC invocations=26 (full 3):
 PSYoungGen      total 327168K, used 128K [0x00000000eaf80000, 0x00000000fff00000, 0x0000000100000000)
  eden space 311296K, 0% used [0x00000000eaf80000,0x00000000eaf80000,0x00000000fdf80000)
  from space 15872K, 0% used [0x00000000fdf80000,0x00000000fdfa0000,0x00000000fef00000)
  to   space 15360K, 0% used [0x00000000ff000000,0x00000000ff000000,0x00000000fff00000)
 ParOldGen       total 83968K, used 40649K [0x00000000c0e00000, 0x00000000c6000000, 0x00000000eaf80000)
  object space 83968K, 48% used [0x00000000c0e00000,0x00000000c35b2708,0x00000000c6000000)
 Metaspace       used 59791K, capacity 60688K, committed 60888K, reserved 1101824K
  class space    used 7412K, capacity 7596K, committed 7680K, reserved 1048576K
}
Event: 293.514 GC heap before
{Heap before GC invocations=27 (full 3):
 PSYoungGen      total 327168K, used 311424K [0x00000000eaf80000, 0x00000000fff00000, 0x0000000100000000)
  eden space 311296K, 100% used [0x00000000eaf80000,0x00000000fdf80000,0x00000000fdf80000)
  from space 15872K, 0% used [0x00000000fdf80000,0x00000000fdfa0000,0x00000000fef00000)
  to   space 15360K, 0% used [0x00000000ff000000,0x00000000ff000000,0x00000000fff00000)
 ParOldGen       total 83968K, used 40649K [0x00000000c0e00000, 0x00000000c6000000, 0x00000000eaf80000)
  object space 83968K, 48% used [0x00000000c0e00000,0x00000000c35b2708,0x00000000c6000000)
 Metaspace       used 59791K, capacity 60688K, committed 60888K, reserved 1101824K
  class space    used 7412K, capacity 7596K, committed 7680K, reserved 1048576K
Event: 293.520 GC heap after
Heap after GC invocations=27 (full 3):
 PSYoungGen      total 327168K, used 128K [0x00000000eaf80000, 0x00000000ffd80000, 0x0000000100000000)
  eden space 313344K, 0% used [0x00000000eaf80000,0x00000000eaf80000,0x00000000fe180000)
  from space 13824K, 0% used [0x00000000ff000000,0x00000000ff020000,0x00000000ffd80000)
  to   space 14336K, 0% used [0x00000000fe180000,0x00000000fe180000,0x00000000fef80000)
 ParOldGen       total 83968K, used 40649K [0x00000000c0e00000, 0x00000000c6000000, 0x00000000eaf80000)
  object space 83968K, 48% used [0x00000000c0e00000,0x00000000c35b2708,0x00000000c6000000)
 Metaspace       used 59791K, capacity 60688K, committed 60888K, reserved 1101824K
  class space    used 7412K, capacity 7596K, committed 7680K, reserved 1048576K
}
Event: 295.566 GC heap before
{Heap before GC invocations=28 (full 3):
 PSYoungGen      total 327168K, used 313472K [0x00000000eaf80000, 0x00000000ffd80000, 0x0000000100000000)
  eden space 313344K, 100% used [0x00000000eaf80000,0x00000000fe180000,0x00000000fe180000)
  from space 13824K, 0% used [0x00000000ff000000,0x00000000ff020000,0x00000000ffd80000)
  to   space 14336K, 0% used [0x00000000fe180000,0x00000000fe180000,0x00000000fef80000)
 ParOldGen       total 83968K, used 40649K [0x00000000c0e00000, 0x00000000c6000000, 0x00000000eaf80000)
  object space 83968K, 48% used [0x00000000c0e00000,0x00000000c35b2708,0x00000000c6000000)
 Metaspace       used 59791K, capacity 60688K, committed 60888K, reserved 1101824K
  class space    used 7412K, capacity 7596K, committed 7680K, reserved 1048576K
Event: 295.579 GC heap after
Heap after GC invocations=28 (full 3):
 PSYoungGen      total 327680K, used 128K [0x00000000eaf80000, 0x00000000fff80000, 0x0000000100000000)
  eden space 313344K, 0% used [0x00000000eaf80000,0x00000000eaf80000,0x00000000fe180000)
  from space 14336K, 0% used [0x00000000fe180000,0x00000000fe1a0000,0x00000000fef80000)
  to   space 13824K, 0% used [0x00000000ff200000,0x00000000ff200000,0x00000000fff80000)
 ParOldGen       total 83968K, used 40649K [0x00000000c0e00000, 0x00000000c6000000, 0x00000000eaf80000)
  object space 83968K, 48% used [0x00000000c0e00000,0x00000000c35b2708,0x00000000c6000000)
 Metaspace       used 59791K, capacity 60688K, committed 60888K, reserved 1101824K
  class space    used 7412K, capacity 7596K, committed 7680K, reserved 1048576K
}
Event: 298.115 GC heap before
{Heap before GC invocations=29 (full 3):
 PSYoungGen      total 327680K, used 313472K [0x00000000eaf80000, 0x00000000fff80000, 0x0000000100000000)
  eden space 313344K, 100% used [0x00000000eaf80000,0x00000000fe180000,0x00000000fe180000)
  from space 14336K, 0% used [0x00000000fe180000,0x00000000fe1a0000,0x00000000fef80000)
  to   space 13824K, 0% used [0x00000000ff200000,0x00000000ff200000,0x00000000fff80000)
 ParOldGen       total 83968K, used 40649K [0x00000000c0e00000, 0x00000000c6000000, 0x00000000eaf80000)
  object space 83968K, 48% used [0x00000000c0e00000,0x00000000c35b2708,0x00000000c6000000)
 Metaspace       used 59791K, capacity 60688K, committed 60888K, reserved 1101824K
  class space    used 7412K, capacity 7596K, committed 7680K, reserved 1048576K
Event: 298.119 GC heap after
Heap after GC invocations=29 (full 3):
 PSYoungGen      total 329216K, used 96K [0x00000000eaf80000, 0x00000000ffe80000, 0x0000000100000000)
  eden space 316416K, 0% used [0x00000000eaf80000,0x00000000eaf80000,0x00000000fe480000)
  from space 12800K, 0% used [0x00000000ff200000,0x00000000ff218000,0x00000000ffe80000)
  to   space 13312K, 0% used [0x00000000fe480000,0x00000000fe480000,0x00000000ff180000)
 ParOldGen       total 83968K, used 40649K [0x00000000c0e00000, 0x00000000c6000000, 0x00000000eaf80000)
  object space 83968K, 48% used [0x00000000c0e00000,0x00000000c35b2708,0x00000000c6000000)
 Metaspace       used 59791K, capacity 60688K, committed 60888K, reserved 1101824K
  class space    used 7412K, capacity 7596K, committed 7680K, reserved 1048576K
}

